#
# There is insufficient memory for the Java Runtime Environment to continue.
# Native memory allocation (malloc) failed to allocate 288496 bytes for Chunk::new
# Possible reasons:
#   The system is out of physical RAM or swap space
#   In 32 bit mode, the process size limit was hit
# Possible solutions:
#   Reduce memory load on the system
#   Increase physical memory or swap space
#   Check if swap backing store is full
#   Use 64 bit Java on a 64 bit OS
#   Decrease Java heap size (-Xmx/-Xms)
#   Decrease number of Java threads
#   Decrease Java thread stack sizes (-Xss)
#   Set larger code cache with -XX:ReservedCodeCacheSize=
# This output file may be truncated or incomplete.
#
#  Out of Memory Error (allocation.cpp:390), pid=10216, tid=8204
#
# JRE version: Java(TM) SE Runtime Environment (8.0_74-b02) (build 1.8.0_74-b02)
# Java VM: Java HotSpot(TM) 64-Bit Server VM (25.74-b02 mixed mode windows-amd64 compressed oops)
# Failed to write core dump. Minidumps are not enabled by default on client versions of Windows
#

---------------  T H R E A D  ---------------

Current thread (0x00000000154ae000):  JavaThread "C2 CompilerThread1" daemon [_thread_in_native, id=8204, stack(0x0000000016be0000,0x0000000016ce0000)]

Stack: [0x0000000016be0000,0x0000000016ce0000]
[error occurred during error reporting (printing stack bounds), id 0xc0000005]

Native frames: (J=compiled Java code, j=interpreted, Vv=VM code, C=native code)


Current CompileTask:
C2:   3413 1319       4       com.android.dx.rop.code.LocalVariableInfo::mergeStarts (75 bytes)


---------------  P R O C E S S  ---------------

Java Threads: ( => current thread )
  0x0000000016f76000 JavaThread "pool-2-thread-4" [_thread_blocked, id=3168, stack(0x00000000177e0000,0x00000000178e0000)]
  0x0000000016e4a800 JavaThread "pool-2-thread-3" [_thread_in_Java, id=14288, stack(0x00000000176e0000,0x00000000177e0000)]
  0x0000000016e35800 JavaThread "pool-2-thread-2" [_thread_blocked, id=7188, stack(0x00000000175e0000,0x00000000176e0000)]
  0x0000000016e1d800 JavaThread "pool-3-thread-1" [_thread_blocked, id=6104, stack(0x00000000174e0000,0x00000000175e0000)]
  0x0000000016e1c800 JavaThread "pool-2-thread-1" [_thread_blocked, id=5952, stack(0x00000000173e0000,0x00000000174e0000)]
  0x0000000016cf8000 JavaThread "Service Thread" daemon [_thread_blocked, id=18132, stack(0x00000000171e0000,0x00000000172e0000)]
  0x0000000016ce8800 JavaThread "C1 CompilerThread2" daemon [_thread_blocked, id=5716, stack(0x00000000170e0000,0x00000000171e0000)]
=>0x00000000154ae000 JavaThread "C2 CompilerThread1" daemon [_thread_in_native, id=8204, stack(0x0000000016be0000,0x0000000016ce0000)]
  0x000000001549e800 JavaThread "C2 CompilerThread0" daemon [_thread_in_native, id=7288, stack(0x0000000016ae0000,0x0000000016be0000)]
  0x000000001549d000 JavaThread "Attach Listener" daemon [_thread_blocked, id=11792, stack(0x00000000169e0000,0x0000000016ae0000)]
  0x000000001549b800 JavaThread "Signal Dispatcher" daemon [_thread_blocked, id=15576, stack(0x00000000168e0000,0x00000000169e0000)]
  0x000000001548a800 JavaThread "Finalizer" daemon [_thread_blocked, id=6544, stack(0x0000000016700000,0x0000000016800000)]
  0x0000000002ce0000 JavaThread "Reference Handler" daemon [_thread_blocked, id=11884, stack(0x0000000016600000,0x0000000016700000)]
  0x0000000002dce800 JavaThread "main" [_thread_in_native, id=7256, stack(0x0000000002a30000,0x0000000002b30000)]

Other Threads:
  0x0000000015468000 VMThread [stack: 0x0000000016500000,0x0000000016600000] [id=8840]
  0x0000000016cfe000 WatcherThread [stack: 0x00000000172e0000,0x00000000173e0000] [id=10628]

VM state:not at safepoint (normal execution)

VM Mutex/Monitor currently owned by a thread: None

Heap:
 PSYoungGen      total 71680K, used 10886K [0x00000000eab00000, 0x00000000ef600000, 0x0000000100000000)
  eden space 66560K, 8% used [0x00000000eab00000,0x00000000eb0a3cc8,0x00000000eec00000)
  from space 5120K, 99% used [0x00000000ef100000,0x00000000ef5fdf20,0x00000000ef600000)
  to   space 5120K, 0% used [0x00000000eec00000,0x00000000eec00000,0x00000000ef100000)
 ParOldGen       total 87552K, used 12252K [0x00000000c0000000, 0x00000000c5580000, 0x00000000eab00000)
  object space 87552K, 13% used [0x00000000c0000000,0x00000000c0bf70f8,0x00000000c5580000)
 Metaspace       used 5786K, capacity 6896K, committed 7040K, reserved 1056768K
  class space    used 582K, capacity 616K, committed 640K, reserved 1048576K

Card table byte_map: [0x0000000012190000,0x00000000123a0000] byte_map_base: 0x0000000011b90000

Marking Bits: (ParMarkBitMap*) 0x000000005a700600
 Begin Bits: [0x0000000012900000, 0x0000000013900000)
 End Bits:   [0x0000000013900000, 0x0000000014900000)

Polling page: 0x0000000001170000

CodeCache: size=245760Kb used=5508Kb max_used=5516Kb free=240251Kb
 bounds [0x0000000002dd0000, 0x0000000003340000, 0x0000000011dd0000]
 total_blobs=1578 nmethods=1316 adapters=175
 compilation: enabled

Compilation events (10 events):
Event: 3.376 Thread 0x0000000016ce8800 1317       3       java.util.HashMap::get (23 bytes)
Event: 3.376 Thread 0x0000000016ce8800 nmethod 1317 0x0000000003318710 code [0x00000000033188a0, 0x0000000003318c98]
Event: 3.376 Thread 0x0000000016ce8800 1316   !   3       com.android.dx.rop.code.RegisterSpec::intern (70 bytes)
Event: 3.377 Thread 0x0000000016ce8800 nmethod 1316 0x00000000032ff690 code [0x00000000032ff8c0, 0x0000000003300588]
Event: 3.377 Thread 0x0000000016ce8800 1318       3       com.android.dx.rop.code.RegisterSpec::equals (51 bytes)
Event: 3.378 Thread 0x0000000016ce8800 nmethod 1318 0x00000000032fee10 code [0x00000000032fefa0, 0x00000000032ff538]
Event: 3.379 Thread 0x0000000016ce8800 1323       3       com.android.dx.util.LabeledList::<init> (18 bytes)
Event: 3.379 Thread 0x0000000016ce8800 nmethod 1323 0x0000000003318210 code [0x0000000003318380, 0x00000000033185d8]
Event: 3.379 Thread 0x0000000016ce8800 1324       3       com.android.dx.cf.code.ConcreteMethod::getEffectiveDescriptor (10 bytes)
Event: 3.379 Thread 0x0000000016ce8800 nmethod 1324 0x00000000032fe9d0 code [0x00000000032feb40, 0x00000000032fed68]

GC Heap History (4 events):
Event: 1.492 GC heap before
{Heap before GC invocations=1 (full 0):
 PSYoungGen      total 38400K, used 33280K [0x00000000eab00000, 0x00000000ed580000, 0x0000000100000000)
  eden space 33280K, 100% used [0x00000000eab00000,0x00000000ecb80000,0x00000000ecb80000)
  from space 5120K, 0% used [0x00000000ed080000,0x00000000ed080000,0x00000000ed580000)
  to   space 5120K, 0% used [0x00000000ecb80000,0x00000000ecb80000,0x00000000ed080000)
 ParOldGen       total 87552K, used 0K [0x00000000c0000000, 0x00000000c5580000, 0x00000000eab00000)
  object space 87552K, 0% used [0x00000000c0000000,0x00000000c0000000,0x00000000c5580000)
 Metaspace       used 5675K, capacity 6832K, committed 7040K, reserved 1056768K
  class space    used 580K, capacity 616K, committed 640K, reserved 1048576K
Event: 1.511 GC heap after
Heap after GC invocations=1 (full 0):
 PSYoungGen      total 38400K, used 5096K [0x00000000eab00000, 0x00000000ef600000, 0x0000000100000000)
  eden space 33280K, 0% used [0x00000000eab00000,0x00000000eab00000,0x00000000ecb80000)
  from space 5120K, 99% used [0x00000000ecb80000,0x00000000ed07a0a8,0x00000000ed080000)
  to   space 5120K, 0% used [0x00000000ef100000,0x00000000ef100000,0x00000000ef600000)
 ParOldGen       total 87552K, used 6158K [0x00000000c0000000, 0x00000000c5580000, 0x00000000eab00000)
  object space 87552K, 7% used [0x00000000c0000000,0x00000000c0603a78,0x00000000c5580000)
 Metaspace       used 5675K, capacity 6832K, committed 7040K, reserved 1056768K
  class space    used 580K, capacity 616K, committed 640K, reserved 1048576K
}
Event: 2.807 GC heap before
{Heap before GC invocations=2 (full 0):
 PSYoungGen      total 38400K, used 38376K [0x00000000eab00000, 0x00000000ef600000, 0x0000000100000000)
  eden space 33280K, 100% used [0x00000000eab00000,0x00000000ecb80000,0x00000000ecb80000)
  from space 5120K, 99% used [0x00000000ecb80000,0x00000000ed07a0a8,0x00000000ed080000)
  to   space 5120K, 0% used [0x00000000ef100000,0x00000000ef100000,0x00000000ef600000)
 ParOldGen       total 87552K, used 6158K [0x00000000c0000000, 0x00000000c5580000, 0x00000000eab00000)
  object space 87552K, 7% used [0x00000000c0000000,0x00000000c0603a78,0x00000000c5580000)
 Metaspace       used 5781K, capacity 6896K, committed 7040K, reserved 1056768K
  class space    used 582K, capacity 616K, committed 640K, reserved 1048576K
Event: 2.824 GC heap after
Heap after GC invocations=2 (full 0):
 PSYoungGen      total 71680K, used 5111K [0x00000000eab00000, 0x00000000ef600000, 0x0000000100000000)
  eden space 66560K, 0% used [0x00000000eab00000,0x00000000eab00000,0x00000000eec00000)
  from space 5120K, 99% used [0x00000000ef100000,0x00000000ef5fdf20,0x00000000ef600000)
  to   space 5120K, 0% used [0x00000000eec00000,0x00000000eec00000,0x00000000ef100000)
 ParOldGen       total 87552K, used 12252K [0x00000000c0000000, 0x00000000c5580000, 0x00000000eab00000)
  object space 87552K, 13% used [0x00000000c0000000,0x00000000c0bf70f8,0x00000000c5580000)
 Metaspace       used 5781K, capacity 6896K, committed 7040K, reserved 1056768K
  class space    used 582K, capacity 616K, committed 640K, reserved 1048576K
}

Deoptimization events (10 events):
Event: 2.481 Thread 0x0000000016f76000 Uncommon trap: reason=bimorphic action=maybe_recompile pc=0x00000000031d6f3c method=com.android.dx.cf.code.BytecodeArray.parseInstruction(ILcom/android/dx/cf/code/BytecodeArray$Visitor;)I @ 907
Event: 2.481 Thread 0x0000000016f76000 Uncommon trap: reason=bimorphic action=maybe_recompile pc=0x00000000031d73bc method=com.android.dx.cf.code.BytecodeArray.parseInstruction(ILcom/android/dx/cf/code/BytecodeArray$Visitor;)I @ 1224
Event: 2.482 Thread 0x0000000016f76000 Uncommon trap: reason=bimorphic action=maybe_recompile pc=0x00000000031d6fbc method=com.android.dx.cf.code.BytecodeArray.parseInstruction(ILcom/android/dx/cf/code/BytecodeArray$Visitor;)I @ 923
Event: 2.482 Thread 0x0000000016f76000 Uncommon trap: reason=bimorphic action=maybe_recompile pc=0x00000000031d73bc method=com.android.dx.cf.code.BytecodeArray.parseInstruction(ILcom/android/dx/cf/code/BytecodeArray$Visitor;)I @ 1224
Event: 3.374 Thread 0x0000000016e4a800 Uncommon trap: reason=unstable_if action=reinterpret pc=0x00000000030d9934 method=com.android.dx.rop.code.RegisterSpec.equals(ILcom/android/dx/rop/type/TypeBearer;Lcom/android/dx/rop/code/LocalItem;)Z @ 16
Event: 3.374 Thread 0x0000000016e4a800 Uncommon trap: reason=class_check action=maybe_recompile pc=0x000000000312f038 method=com.android.dx.rop.type.Type.equals(Ljava/lang/Object;)Z @ 8
Event: 3.374 Thread 0x0000000016e4a800 Uncommon trap: reason=unstable_if action=reinterpret pc=0x00000000030c680c method=com.android.dx.rop.code.RegisterSpec.equals(ILcom/android/dx/rop/type/TypeBearer;Lcom/android/dx/rop/code/LocalItem;)Z @ 16
Event: 3.374 Thread 0x0000000016e4a800 Uncommon trap: reason=unstable_if action=reinterpret pc=0x0000000002ff5cb0 method=com.android.dx.rop.code.RegisterSpec.equals(ILcom/android/dx/rop/type/TypeBearer;Lcom/android/dx/rop/code/LocalItem;)Z @ 16
Event: 3.375 Thread 0x0000000016e4a800 Uncommon trap: reason=unstable_if action=reinterpret pc=0x00000000030ea394 method=com.android.dx.rop.code.RegisterSpec.equals(ILcom/android/dx/rop/type/TypeBearer;Lcom/android/dx/rop/code/LocalItem;)Z @ 16
Event: 3.375 Thread 0x0000000016e4a800 Uncommon trap: reason=class_check action=maybe_recompile pc=0x000000000312f038 method=com.android.dx.rop.type.Type.equals(Ljava/lang/Object;)Z @ 8

Internal exceptions (3 events):
Event: 0.046 Thread 0x0000000002dce800 Exception <a 'java/lang/NoSuchMethodError': Method sun.misc.Unsafe.defineClass(Ljava/lang/String;[BII)Ljava/lang/Class; name or signature does not match> (0x00000000eab07cc0) thrown at [C:\re\workspace\8-2-build-windows-amd64-cygwin\jdk8u74\6087\hotspot\sr¤'íÍ‘§?
Event: 0.046 Thread 0x0000000002dce800 Exception <a 'java/lang/NoSuchMethodError': Method sun.misc.Unsafe.prefetchRead(Ljava/lang/Object;J)V name or signature does not match> (0x00000000eab07fa8) thrown at [C:\re\workspace\8-2-build-windows-amd64-cygwin\jdk8u74\6087\hotspot\src\share\vm\prims\j¡`È­jö?
Event: 1.376 Thread 0x0000000016e35800 Implicit null exception at 0x0000000003122211 to 0x0000000003123165

Events (10 events):
Event: 3.374 Thread 0x0000000016e4a800 DEOPT UNPACKING pc=0x0000000002e1582a sp=0x00000000177de8e8 mode 2
Event: 3.374 Thread 0x0000000016e4a800 Uncommon trap: trap_request=0xffffff65 fr.pc=0x0000000002ff5cb0
Event: 3.374 Thread 0x0000000016e4a800 DEOPT PACKING pc=0x0000000002ff5cb0 sp=0x00000000177deab0
Event: 3.374 Thread 0x0000000016e4a800 DEOPT UNPACKING pc=0x0000000002e1582a sp=0x00000000177de888 mode 2
Event: 3.375 Thread 0x0000000016e4a800 Uncommon trap: trap_request=0xffffff65 fr.pc=0x00000000030ea394
Event: 3.375 Thread 0x0000000016e4a800 DEOPT PACKING pc=0x00000000030ea394 sp=0x00000000177de990
Event: 3.375 Thread 0x0000000016e4a800 DEOPT UNPACKING pc=0x0000000002e1582a sp=0x00000000177de7e8 mode 2
Event: 3.375 Thread 0x0000000016e4a800 Uncommon trap: trap_request=0xffffffde fr.pc=0x000000000312f038
Event: 3.375 Thread 0x0000000016e4a800 DEOPT PACKING pc=0x000000000312f038 sp=0x00000000177de8d0
Event: 3.375 Thread 0x0000000016e4a800 DEOPT UNPACKING pc=0x0000000002e1582a sp=0x00000000177de878 mode 2


Dynamic libraries:
0x00007ff70a450000 - 0x00007ff70a487000 	C:\Program Files\Java\jdk1.8.0_74\bin\java.exe
0x00007ffbfd390000 - 0x00007ffbfd53d000 	C:\Windows\SYSTEM32\ntdll.dll
0x00007ffbfafa0000 - 0x00007ffbfb0de000 	C:\Windows\system32\KERNEL32.DLL
0x00007ffbfa660000 - 0x00007ffbfa775000 	C:\Windows\system32\KERNELBASE.dll
0x00007ffbf85b0000 - 0x00007ffbf863e000 	C:\Windows\system32\apphelp.dll
0x00007ffbeee50000 - 0x00007ffbeeea3000 	C:\Windows\AppPatch\AppPatch64\AcGenral.DLL
0x00007ffbfcc30000 - 0x00007ffbfccda000 	C:\Windows\system32\msvcrt.dll
0x00007ffbfa2b0000 - 0x00007ffbfa2de000 	C:\Windows\SYSTEM32\SspiCli.dll
0x00007ffbfd260000 - 0x00007ffbfd2b4000 	C:\Windows\system32\SHLWAPI.dll
0x00007ffbfcab0000 - 0x00007ffbfcc27000 	C:\Windows\system32\USER32.dll
0x00007ffbfcf00000 - 0x00007ffbfd094000 	C:\Windows\system32\ole32.dll
0x00007ffbfb1f0000 - 0x00007ffbfc71a000 	C:\Windows\system32\SHELL32.dll
0x00007ffbf9620000 - 0x00007ffbf9641000 	C:\Windows\SYSTEM32\USERENV.dll
0x00007ffbfc940000 - 0x00007ffbfc9ea000 	C:\Windows\system32\ADVAPI32.dll
0x00007ffbef180000 - 0x00007ffbef19e000 	C:\Windows\SYSTEM32\MPR.dll
0x00007ffbfd100000 - 0x00007ffbfd241000 	C:\Windows\system32\RPCRT4.dll
0x00007ffbfaa10000 - 0x00007ffbfaa69000 	C:\Windows\SYSTEM32\sechost.dll
0x00007ffbfc720000 - 0x00007ffbfc931000 	C:\Windows\SYSTEM32\combase.dll
0x00007ffbfcce0000 - 0x00007ffbfce30000 	C:\Windows\system32\GDI32.dll
0x00007ffbfa4e0000 - 0x00007ffbfa4f5000 	C:\Windows\SYSTEM32\profapi.dll
0x00007ffbf9910000 - 0x00007ffbf99c2000 	C:\Windows\SYSTEM32\SHCORE.dll
0x00007ffbfb0e0000 - 0x00007ffbfb116000 	C:\Windows\system32\IMM32.DLL
0x00007ffbfac20000 - 0x00007ffbfad72000 	C:\Windows\system32\MSCTF.dll
0x00007ffbf9f00000 - 0x00007ffbfa17b000 	C:\Windows\WinSxS\amd64_microsoft.windows.common-controls_6595b64144ccf1df_6.0.9600.18006_none_623f33d3ecbe86e8\COMCTL32.dll
0x00000000598b0000 - 0x0000000059982000 	C:\Program Files\Java\jdk1.8.0_74\jre\bin\msvcr100.dll
0x0000000059ef0000 - 0x000000005a780000 	C:\Program Files\Java\jdk1.8.0_74\jre\bin\server\jvm.dll
0x00007ffbee690000 - 0x00007ffbee699000 	C:\Windows\SYSTEM32\WSOCK32.dll
0x00007ffbf7180000 - 0x00007ffbf71a2000 	C:\Windows\SYSTEM32\WINMM.dll
0x00007ffbf8c20000 - 0x00007ffbf8c2a000 	C:\Windows\SYSTEM32\VERSION.dll
0x00007ffbfcef0000 - 0x00007ffbfcef7000 	C:\Windows\system32\PSAPI.DLL
0x00007ffbfd0a0000 - 0x00007ffbfd0fa000 	C:\Windows\system32\WS2_32.dll
0x00007ffbf7140000 - 0x00007ffbf716a000 	C:\Windows\SYSTEM32\WINMMBASE.dll
0x00007ffbfd250000 - 0x00007ffbfd259000 	C:\Windows\system32\NSI.dll
0x00007ffbfa5b0000 - 0x00007ffbfa5ff000 	C:\Windows\SYSTEM32\cfgmgr32.dll
0x00007ffbf8810000 - 0x00007ffbf8838000 	C:\Windows\SYSTEM32\DEVOBJ.dll
0x000000005b020000 - 0x000000005b02f000 	C:\Program Files\Java\jdk1.8.0_74\jre\bin\verify.dll
0x0000000059ec0000 - 0x0000000059ee9000 	C:\Program Files\Java\jdk1.8.0_74\jre\bin\java.dll
0x0000000059ea0000 - 0x0000000059eb6000 	C:\Program Files\Java\jdk1.8.0_74\jre\bin\zip.dll

VM Arguments:
jvm_args: -Djava.awt.headless=true -Xmx1024M -Dfile.encoding=windows-1252 -Duser.country=US -Duser.language=en -Duser.variant 
java_command: com.android.dx.command.Main --dex --force-jumbo --num-threads=4 --multi-dex --output C:\AndroidDeveloper\UserInterface\UserLayout\app\build\intermediates\transforms\dex\debug\folders\1000\5\slice_4 C:\AndroidDeveloper\UserInterface\UserLayout\app\build\intermediates\transforms\instantRunSlicer\debug\folders\1\5\slice_4
java_class_path (initial): C:\AndroidSDK\sdk\build-tools\23.0.3\lib\dx.jar
Launcher Type: SUN_STANDARD

Environment Variables:
USERNAME=StabjaX
OS=Windows_NT
PROCESSOR_IDENTIFIER=Intel64 Family 6 Model 61 Stepping 4, GenuineIntel



---------------  S Y S T E M  ---------------

OS: Windows 8.1 , 64 bit Build 9600 (6.3.9600.17415)

CPU:total 4 (2 cores per cpu, 2 threads per core) family 6 model 61 stepping 4, cmov, cx8, fxsr, mmx, sse, sse2, sse3, ssse3, sse4.1, sse4.2, popcnt, avx, avx2, aes, clmul, erms, 3dnowpref, lzcnt, ht, tsc, tscinvbit, bmi1, bmi2, adx

Memory: 4k page, physical 8309008k(359344k free), swap 12503312k(5104k free)

vm_info: Java HotSpot(TM) 64-Bit Server VM (25.74-b02) for windows-amd64 JRE (1.8.0_74-b02), built on Jan 29 2016 17:42:36 by "java_re" with MS VC++ 10.0 (VS2010)

time: Fri May 20 07:55:23 2016
elapsed time: 3 seconds (0d 0h 0m 3s)

