#
# There is insufficient memory for the Java Runtime Environment to continue.
# Native memory allocation (malloc) failed to allocate 32744 bytes for ChunkPool::allocate
# Possible reasons:
#   The system is out of physical RAM or swap space
#   In 32 bit mode, the process size limit was hit
# Possible solutions:
#   Reduce memory load on the system
#   Increase physical memory or swap space
#   Check if swap backing store is full
#   Use 64 bit Java on a 64 bit OS
#   Decrease Java heap size (-Xmx/-Xms)
#   Decrease number of Java threads
#   Decrease Java thread stack sizes (-Xss)
#   Set larger code cache with -XX:ReservedCodeCacheSize=
# This output file may be truncated or incomplete.
#
#  Out of Memory Error (allocation.cpp:273), pid=17788, tid=4728
#
# JRE version: Java(TM) SE Runtime Environment (8.0_74-b02) (build 1.8.0_74-b02)
# Java VM: Java HotSpot(TM) 64-Bit Server VM (25.74-b02 mixed mode windows-amd64 compressed oops)
# Failed to write core dump. Minidumps are not enabled by default on client versions of Windows
#

---------------  T H R E A D  ---------------

Current thread (0x0000000014d1c000):  JavaThread "C1 CompilerThread2" daemon [_thread_in_native, id=4728, stack(0x0000000016920000,0x0000000016a20000)]

Stack: [0x0000000016920000,0x0000000016a20000]
[error occurred during error reporting (printing stack bounds), id 0xc0000005]

Native frames: (J=compiled Java code, j=interpreted, Vv=VM code, C=native code)


Current CompileTask:
C1:   1238   40       3       java.lang.String::indexOf (166 bytes)


---------------  P R O C E S S  ---------------

Java Threads: ( => current thread )
  0x0000000016528000 JavaThread "Service Thread" daemon [_thread_blocked, id=17872, stack(0x0000000016a20000,0x0000000016b20000)]
=>0x0000000014d1c000 JavaThread "C1 CompilerThread2" daemon [_thread_in_native, id=4728, stack(0x0000000016920000,0x0000000016a20000)]
  0x0000000014d18000 JavaThread "C2 CompilerThread1" daemon [_thread_blocked, id=8884, stack(0x0000000016420000,0x0000000016520000)]
  0x0000000014cbe800 JavaThread "C2 CompilerThread0" daemon [_thread_blocked, id=680, stack(0x0000000016320000,0x0000000016420000)]
  0x0000000014cbd000 JavaThread "Attach Listener" daemon [_thread_blocked, id=16684, stack(0x0000000016220000,0x0000000016320000)]
  0x0000000014cbc000 JavaThread "Signal Dispatcher" daemon [_thread_blocked, id=15284, stack(0x0000000016120000,0x0000000016220000)]
  0x0000000014caa800 JavaThread "Finalizer" daemon [_thread_blocked, id=9560, stack(0x0000000015f40000,0x0000000016040000)]
  0x00000000025e0000 JavaThread "Reference Handler" daemon [_thread_blocked, id=9544, stack(0x0000000015e40000,0x0000000015f40000)]
  0x00000000024f2800 JavaThread "main" [_thread_in_vm, id=10260, stack(0x00000000023f0000,0x00000000024f0000)]

Other Threads:
  0x0000000014c88000 VMThread [stack: 0x0000000015d40000,0x0000000015e40000] [id=14148]
  0x0000000016535000 WatcherThread [stack: 0x0000000016b20000,0x0000000016c20000] [id=12900]

VM state:not at safepoint (normal execution)

VM Mutex/Monitor currently owned by a thread: None

Heap:
 PSYoungGen      total 38400K, used 1331K [0x00000000eab00000, 0x00000000ed580000, 0x0000000100000000)
  eden space 33280K, 4% used [0x00000000eab00000,0x00000000eac4cce8,0x00000000ecb80000)
  from space 5120K, 0% used [0x00000000ed080000,0x00000000ed080000,0x00000000ed580000)
  to   space 5120K, 0% used [0x00000000ecb80000,0x00000000ecb80000,0x00000000ed080000)
 ParOldGen       total 87552K, used 0K [0x00000000c0000000, 0x00000000c5580000, 0x00000000eab00000)
  object space 87552K, 0% used [0x00000000c0000000,0x00000000c0000000,0x00000000c5580000)
 Metaspace       used 2854K, capacity 4556K, committed 4864K, reserved 1058816K
  class space    used 310K, capacity 388K, committed 512K, reserved 1048576K

Card table byte_map: [0x00000000119b0000,0x0000000011bc0000] byte_map_base: 0x00000000113b0000

Marking Bits: (ParMarkBitMap*) 0x000000005a700600
 Begin Bits: [0x0000000012120000, 0x0000000013120000)
 End Bits:   [0x0000000013120000, 0x0000000014120000)

Polling page: 0x0000000000a20000

CodeCache: size=245760Kb used=1119Kb max_used=1119Kb free=244641Kb
 bounds [0x00000000025f0000, 0x0000000002860000, 0x00000000115f0000]
 total_blobs=274 nmethods=39 adapters=148
 compilation: enabled

Compilation events (10 events):
Event: 1.074 Thread 0x0000000014d1c000 nmethod 34 0x0000000002705f90 code [0x00000000027060e0, 0x00000000027061f0]
Event: 1.074 Thread 0x0000000014d1c000   35       3       java.util.HashMap::hash (20 bytes)
Event: 1.074 Thread 0x0000000014d1c000 nmethod 35 0x0000000002706250 code [0x00000000027063c0, 0x0000000002706608]
Event: 1.074 Thread 0x0000000014d1c000   36       3       java.lang.String::startsWith (7 bytes)
Event: 1.074 Thread 0x0000000014d1c000 nmethod 36 0x00000000027066d0 code [0x0000000002706840, 0x0000000002706a48]
Event: 1.074 Thread 0x0000000014d1c000   37       1       java.lang.String::length (6 bytes)
Event: 1.074 Thread 0x0000000014d1c000 nmethod 37 0x0000000002706ad0 code [0x0000000002706c20, 0x0000000002706d30]
Event: 1.075 Thread 0x0000000014d1c000   38       3       java.util.concurrent.ConcurrentHashMap::tabAt (21 bytes)
Event: 1.075 Thread 0x0000000014d1c000 nmethod 38 0x0000000002707910 code [0x0000000002707a60, 0x0000000002707c90]
Event: 1.075 Thread 0x0000000014d1c000   40       3       java.lang.String::indexOf (166 bytes)

GC Heap History (0 events):
No events

Deoptimization events (0 events):
No events

Internal exceptions (2 events):
Event: 0.807 Thread 0x00000000024f2800 Exception <a 'java/lang/NoSuchMethodError': Method sun.misc.Unsafe.defineClass(Ljava/lang/String;[BII)Ljava/lang/Class; name or signature does not match> (0x00000000eab07cc0) thrown at [C:\re\workspace\8-2-build-windows-amd64-cygwin\jdk8u74\6087\hotspot\srª4O×é?
Event: 0.808 Thread 0x00000000024f2800 Exception <a 'java/lang/NoSuchMethodError': Method sun.misc.Unsafe.prefetchRead(Ljava/lang/Object;J)V name or signature does not match> (0x00000000eab07fa8) thrown at [C:\re\workspace\8-2-build-windows-amd64-cygwin\jdk8u74\6087\hotspot\src\share\vm\prims\j

Events (10 events):
Event: 1.073 loading class java/lang/AssertionError
Event: 1.073 loading class java/lang/AssertionError done
Event: 1.073 loading class com/android/dex/DexException
Event: 1.073 loading class com/android/dex/DexException done
Event: 1.074 loading class com/android/dex/util/ExceptionWithContext
Event: 1.074 loading class com/android/dex/util/ExceptionWithContext done
Event: 1.075 loading class java/util/concurrent/Callable
Event: 1.075 loading class java/util/concurrent/Callable done
Event: 1.075 loading class com/android/dx/cf/direct/AttributeFactory
Event: 1.075 loading class com/android/dx/cf/direct/AttributeFactory done


Dynamic libraries:
0x00007ff70a450000 - 0x00007ff70a487000 	C:\Program Files\Java\jdk1.8.0_74\bin\java.exe
0x00007ffbfd390000 - 0x00007ffbfd53d000 	C:\Windows\SYSTEM32\ntdll.dll
0x00007ffbfafa0000 - 0x00007ffbfb0de000 	C:\Windows\system32\KERNEL32.DLL
0x00007ffbfa660000 - 0x00007ffbfa775000 	C:\Windows\system32\KERNELBASE.dll
0x00007ffbf85b0000 - 0x00007ffbf863e000 	C:\Windows\system32\apphelp.dll
0x00007ffbeee50000 - 0x00007ffbeeea3000 	C:\Windows\AppPatch\AppPatch64\AcGenral.DLL
0x00007ffbfcc30000 - 0x00007ffbfccda000 	C:\Windows\system32\msvcrt.dll
0x00007ffbfa2b0000 - 0x00007ffbfa2de000 	C:\Windows\SYSTEM32\SspiCli.dll
0x00007ffbfd260000 - 0x00007ffbfd2b4000 	C:\Windows\system32\SHLWAPI.dll
0x00007ffbfcab0000 - 0x00007ffbfcc27000 	C:\Windows\system32\USER32.dll
0x00007ffbfcf00000 - 0x00007ffbfd094000 	C:\Windows\system32\ole32.dll
0x00007ffbfb1f0000 - 0x00007ffbfc71a000 	C:\Windows\system32\SHELL32.dll
0x00007ffbf9620000 - 0x00007ffbf9641000 	C:\Windows\SYSTEM32\USERENV.dll
0x00007ffbfc940000 - 0x00007ffbfc9ea000 	C:\Windows\system32\ADVAPI32.dll
0x00007ffbef180000 - 0x00007ffbef19e000 	C:\Windows\SYSTEM32\MPR.dll
0x00007ffbfd100000 - 0x00007ffbfd241000 	C:\Windows\system32\RPCRT4.dll
0x00007ffbfaa10000 - 0x00007ffbfaa69000 	C:\Windows\SYSTEM32\sechost.dll
0x00007ffbfc720000 - 0x00007ffbfc931000 	C:\Windows\SYSTEM32\combase.dll
0x00007ffbfcce0000 - 0x00007ffbfce30000 	C:\Windows\system32\GDI32.dll
0x00007ffbfa4e0000 - 0x00007ffbfa4f5000 	C:\Windows\SYSTEM32\profapi.dll
0x00007ffbf9910000 - 0x00007ffbf99c2000 	C:\Windows\SYSTEM32\SHCORE.dll
0x00007ffbfb0e0000 - 0x00007ffbfb116000 	C:\Windows\system32\IMM32.DLL
0x00007ffbfac20000 - 0x00007ffbfad72000 	C:\Windows\system32\MSCTF.dll
0x00007ffbf9f00000 - 0x00007ffbfa17b000 	C:\Windows\WinSxS\amd64_microsoft.windows.common-controls_6595b64144ccf1df_6.0.9600.18006_none_623f33d3ecbe86e8\COMCTL32.dll
0x00000000598b0000 - 0x0000000059982000 	C:\Program Files\Java\jdk1.8.0_74\jre\bin\msvcr100.dll
0x0000000059ef0000 - 0x000000005a780000 	C:\Program Files\Java\jdk1.8.0_74\jre\bin\server\jvm.dll
0x00007ffbee690000 - 0x00007ffbee699000 	C:\Windows\SYSTEM32\WSOCK32.dll
0x00007ffbf7180000 - 0x00007ffbf71a2000 	C:\Windows\SYSTEM32\WINMM.dll
0x00007ffbf8c20000 - 0x00007ffbf8c2a000 	C:\Windows\SYSTEM32\VERSION.dll
0x00007ffbfcef0000 - 0x00007ffbfcef7000 	C:\Windows\system32\PSAPI.DLL
0x00007ffbfd0a0000 - 0x00007ffbfd0fa000 	C:\Windows\system32\WS2_32.dll
0x00007ffbf7140000 - 0x00007ffbf716a000 	C:\Windows\SYSTEM32\WINMMBASE.dll
0x00007ffbfd250000 - 0x00007ffbfd259000 	C:\Windows\system32\NSI.dll
0x00007ffbfa5b0000 - 0x00007ffbfa5ff000 	C:\Windows\SYSTEM32\cfgmgr32.dll
0x00007ffbf8810000 - 0x00007ffbf8838000 	C:\Windows\SYSTEM32\DEVOBJ.dll
0x000000005b020000 - 0x000000005b02f000 	C:\Program Files\Java\jdk1.8.0_74\jre\bin\verify.dll
0x0000000059ec0000 - 0x0000000059ee9000 	C:\Program Files\Java\jdk1.8.0_74\jre\bin\java.dll
0x0000000059ea0000 - 0x0000000059eb6000 	C:\Program Files\Java\jdk1.8.0_74\jre\bin\zip.dll

VM Arguments:
jvm_args: -Djava.awt.headless=true -Xmx1024M -Dfile.encoding=windows-1252 -Duser.country=US -Duser.language=en -Duser.variant 
java_command: com.android.dx.command.Main --dex --force-jumbo --num-threads=4 --multi-dex --output C:\AndroidDeveloper\UserInterface\UserLayout\app\build\intermediates\transforms\dex\debug\folders\1000\10\instant-run-bootstrap_250ad35640885b5a0d4eb1eb472ab55f0641e373 C:\AndroidDeveloper\UserInterface\UserLayout\app\build\intermediates\incremental-classes\debug\instant-run-bootstrap.jar
java_class_path (initial): C:\AndroidSDK\sdk\build-tools\23.0.3\lib\dx.jar
Launcher Type: SUN_STANDARD

Environment Variables:
USERNAME=StabjaX
OS=Windows_NT
PROCESSOR_IDENTIFIER=Intel64 Family 6 Model 61 Stepping 4, GenuineIntel



---------------  S Y S T E M  ---------------

OS: Windows 8.1 , 64 bit Build 9600 (6.3.9600.17415)

CPU:total 4 (2 cores per cpu, 2 threads per core) family 6 model 61 stepping 4, cmov, cx8, fxsr, mmx, sse, sse2, sse3, ssse3, sse4.1, sse4.2, popcnt, avx, avx2, aes, clmul, erms, 3dnowpref, lzcnt, ht, tsc, tscinvbit, bmi1, bmi2, adx

Memory: 4k page, physical 8309008k(892384k free), swap 12503312k(558056k free)

vm_info: Java HotSpot(TM) 64-Bit Server VM (25.74-b02) for windows-amd64 JRE (1.8.0_74-b02), built on Jan 29 2016 17:42:36 by "java_re" with MS VC++ 10.0 (VS2010)

time: Fri May 20 10:05:57 2016
elapsed time: 1 seconds (0d 0h 0m 1s)

