#
# There is insufficient memory for the Java Runtime Environment to continue.
# Native memory allocation (malloc) failed to allocate 37616 bytes for Chunk::new
# Possible reasons:
#   The system is out of physical RAM or swap space
#   In 32 bit mode, the process size limit was hit
# Possible solutions:
#   Reduce memory load on the system
#   Increase physical memory or swap space
#   Check if swap backing store is full
#   Use 64 bit Java on a 64 bit OS
#   Decrease Java heap size (-Xmx/-Xms)
#   Decrease number of Java threads
#   Decrease Java thread stack sizes (-Xss)
#   Set larger code cache with -XX:ReservedCodeCacheSize=
# This output file may be truncated or incomplete.
#
#  Out of Memory Error (allocation.cpp:390), pid=8492, tid=8716
#
# JRE version: Java(TM) SE Runtime Environment (8.0_74-b02) (build 1.8.0_74-b02)
# Java VM: Java HotSpot(TM) 64-Bit Server VM (25.74-b02 mixed mode windows-amd64 compressed oops)
# Failed to write core dump. Minidumps are not enabled by default on client versions of Windows
#

---------------  T H R E A D  ---------------

Current thread (0x0000000014782000):  JavaThread "C2 CompilerThread1" daemon [_thread_in_native, id=8716, stack(0x0000000015eb0000,0x0000000015fb0000)]

Stack: [0x0000000015eb0000,0x0000000015fb0000]
[error occurred during error reporting (printing stack bounds), id 0xc0000005]

Native frames: (J=compiled Java code, j=interpreted, Vv=VM code, C=native code)


Current CompileTask:
C2:   2022  931       4       com.android.dx.ssa.SsaInsn::mapRegisters (35 bytes)


---------------  P R O C E S S  ---------------

Java Threads: ( => current thread )
  0x0000000016311000 JavaThread "pool-2-thread-4" [_thread_blocked, id=14408, stack(0x0000000016ab0000,0x0000000016bb0000)]
  0x000000001622b800 JavaThread "pool-2-thread-3" [_thread_blocked, id=6772, stack(0x00000000169b0000,0x0000000016ab0000)]
  0x0000000016239800 JavaThread "pool-2-thread-2" [_thread_blocked, id=15752, stack(0x00000000168b0000,0x00000000169b0000)]
  0x000000001622e800 JavaThread "pool-3-thread-1" [_thread_blocked, id=17020, stack(0x00000000167b0000,0x00000000168b0000)]
  0x0000000016228800 JavaThread "pool-2-thread-1" [_thread_blocked, id=5364, stack(0x00000000166b0000,0x00000000167b0000)]
  0x00000000147de000 JavaThread "Service Thread" daemon [_thread_blocked, id=13720, stack(0x00000000164b0000,0x00000000165b0000)]
  0x0000000014791000 JavaThread "C1 CompilerThread2" daemon [_thread_blocked, id=6328, stack(0x0000000015fb0000,0x00000000160b0000)]
=>0x0000000014782000 JavaThread "C2 CompilerThread1" daemon [_thread_in_native, id=8716, stack(0x0000000015eb0000,0x0000000015fb0000)]
  0x000000001477e800 JavaThread "C2 CompilerThread0" daemon [_thread_blocked, id=10980, stack(0x0000000015db0000,0x0000000015eb0000)]
  0x000000001477d000 JavaThread "Attach Listener" daemon [_thread_blocked, id=5208, stack(0x0000000015cb0000,0x0000000015db0000)]
  0x000000001477b800 JavaThread "Signal Dispatcher" daemon [_thread_blocked, id=18356, stack(0x0000000015bb0000,0x0000000015cb0000)]
  0x000000001476a800 JavaThread "Finalizer" daemon [_thread_blocked, id=5552, stack(0x00000000159d0000,0x0000000015ad0000)]
  0x00000000020a0000 JavaThread "Reference Handler" daemon [_thread_blocked, id=11692, stack(0x00000000158d0000,0x00000000159d0000)]
  0x000000000067e800 JavaThread "main" [_thread_in_native, id=13080, stack(0x0000000001eb0000,0x0000000001fb0000)]

Other Threads:
  0x0000000014748000 VMThread [stack: 0x00000000157d0000,0x00000000158d0000] [id=8752]
  0x00000000160d5000 WatcherThread [stack: 0x00000000165b0000,0x00000000166b0000] [id=18092]

VM state:not at safepoint (normal execution)

VM Mutex/Monitor currently owned by a thread: None

Heap:
 PSYoungGen      total 38400K, used 21330K [0x00000000eab00000, 0x00000000ed580000, 0x0000000100000000)
  eden space 33280K, 64% used [0x00000000eab00000,0x00000000ebfd4b38,0x00000000ecb80000)
  from space 5120K, 0% used [0x00000000ed080000,0x00000000ed080000,0x00000000ed580000)
  to   space 5120K, 0% used [0x00000000ecb80000,0x00000000ecb80000,0x00000000ed080000)
 ParOldGen       total 87552K, used 0K [0x00000000c0000000, 0x00000000c5580000, 0x00000000eab00000)
  object space 87552K, 0% used [0x00000000c0000000,0x00000000c0000000,0x00000000c5580000)
 Metaspace       used 5652K, capacity 6768K, committed 7040K, reserved 1056768K
  class space    used 576K, capacity 616K, committed 640K, reserved 1048576K

Card table byte_map: [0x0000000011470000,0x0000000011680000] byte_map_base: 0x0000000010e70000

Marking Bits: (ParMarkBitMap*) 0x000000005a700600
 Begin Bits: [0x0000000011be0000, 0x0000000012be0000)
 End Bits:   [0x0000000012be0000, 0x0000000013be0000)

Polling page: 0x0000000000600000

CodeCache: size=245760Kb used=3821Kb max_used=3823Kb free=241938Kb
 bounds [0x00000000020b0000, 0x0000000002470000, 0x00000000110b0000]
 total_blobs=1203 nmethods=941 adapters=174
 compilation: disabled (not enough contiguous free space left)

Compilation events (10 events):
Event: 1.995 Thread 0x0000000014791000  923       3       com.android.dx.ssa.SsaMethod::computeReachability (131 bytes)
Event: 1.995 Thread 0x000000001477e800  926       4       com.android.dx.ssa.DeadCodeRemover$NoSideEffectVisitor::visitNonMoveInsn (28 bytes)
Event: 1.996 Thread 0x0000000014782000  930       4       com.android.dx.ssa.SsaMethod::updateOneDefinition (70 bytes)
Event: 1.997 Thread 0x0000000014782000 nmethod 930 0x00000000023f8a10 code [0x00000000023f8b40, 0x00000000023f8bb8]
Event: 1.997 Thread 0x0000000014782000  931       4       com.android.dx.ssa.SsaInsn::mapRegisters (35 bytes)
Event: 1.997 Thread 0x0000000014791000 nmethod 923 0x000000000245f910 code [0x000000000245fcc0, 0x0000000002461d68]
Event: 1.997 Thread 0x0000000014791000  925       3       com.android.dx.ssa.SsaMethod::deleteInsns (239 bytes)
Event: 2.000 Thread 0x000000001477e800 nmethod 926 0x0000000002463250 code [0x00000000024633a0, 0x0000000002463628]
Event: 2.000 Thread 0x0000000014791000 nmethod 925 0x0000000002463a10 code [0x0000000002463e20, 0x00000000024662d8]
Event: 2.001 Thread 0x0000000014791000  924       3       com.android.dx.ssa.SsaMethod::getUseListCopy (56 bytes)

GC Heap History (0 events):
No events

Deoptimization events (6 events):
Event: 1.507 Thread 0x000000001622b800 Uncommon trap: reason=class_check action=maybe_recompile pc=0x00000000022da0b4 method=com.android.dx.rop.cst.CstMemberRef.compareTo0(Lcom/android/dx/rop/cst/Constant;)I @ 1
Event: 1.512 Thread 0x0000000016311000 Uncommon trap: reason=class_check action=maybe_recompile pc=0x00000000022da0b4 method=com.android.dx.rop.cst.CstMemberRef.compareTo0(Lcom/android/dx/rop/cst/Constant;)I @ 1
Event: 1.512 Thread 0x0000000016311000 Uncommon trap: reason=class_check action=maybe_recompile pc=0x00000000022da0b4 method=com.android.dx.rop.cst.CstMemberRef.compareTo0(Lcom/android/dx/rop/cst/Constant;)I @ 1
Event: 1.535 Thread 0x0000000016311000 Uncommon trap: reason=unstable_if action=reinterpret pc=0x00000000022f0980 method=java.util.HashMap.getNode(ILjava/lang/Object;)Ljava/util/HashMap$Node; @ 62
Event: 1.542 Thread 0x000000000067e800 Uncommon trap: reason=class_check action=maybe_recompile pc=0x00000000022da0b4 method=com.android.dx.rop.cst.CstMemberRef.compareTo0(Lcom/android/dx/rop/cst/Constant;)I @ 1
Event: 1.594 Thread 0x0000000016311000 Uncommon trap: reason=unstable_if action=reinterpret pc=0x00000000022de6f8 method=com.android.dx.rop.cst.CstFieldRef.compareTo0(Lcom/android/dx/rop/cst/Constant;)I @ 7

Internal exceptions (2 events):
Event: 0.309 Thread 0x000000000067e800 Exception <a 'java/lang/NoSuchMethodError': Method sun.misc.Unsafe.defineClass(Ljava/lang/String;[BII)Ljava/lang/Class; name or signature does not match> (0x00000000eab07cc0) thrown at [C:\re\workspace\8-2-build-windows-amd64-cygwin\jdk8u74\6087\hotspot\sr_^8С$йс?
Event: 0.309 Thread 0x000000000067e800 Exception <a 'java/lang/NoSuchMethodError': Method sun.misc.Unsafe.prefetchRead(Ljava/lang/Object;J)V name or signature does not match> (0x00000000eab07fa8) thrown at [C:\re\workspace\8-2-build-windows-amd64-cygwin\jdk8u74\6087\hotspot\src\share\vm\prims\j

Events (10 events):
Event: 1.542 loading class com/android/dx/cf/code/BytecodeArray$ConstantParserVisitor done
Event: 1.565 loading class java/util/DualPivotQuicksort
Event: 1.586 loading class java/util/DualPivotQuicksort done
Event: 1.594 Thread 0x0000000016311000 Uncommon trap: trap_request=0xffffff65 fr.pc=0x00000000022de6f8
Event: 1.594 Thread 0x0000000016311000 DEOPT PACKING pc=0x00000000022de6f8 sp=0x0000000016baeb80
Event: 1.594 Thread 0x0000000016311000 DEOPT UNPACKING pc=0x00000000020f582a sp=0x0000000016baeb08 mode 2
Event: 1.688 loading class java/util/ArrayList$1
Event: 1.688 loading class java/util/ArrayList$1 done
Event: 1.766 Executing VM operation: ForceSafepoint
Event: 1.766 Executing VM operation: ForceSafepoint done


Dynamic libraries:
0x00007ff70a450000 - 0x00007ff70a487000 	C:\Program Files\Java\jdk1.8.0_74\bin\java.exe
0x00007ffbfd390000 - 0x00007ffbfd53d000 	C:\Windows\SYSTEM32\ntdll.dll
0x00007ffbfafa0000 - 0x00007ffbfb0de000 	C:\Windows\system32\KERNEL32.DLL
0x00007ffbfa660000 - 0x00007ffbfa775000 	C:\Windows\system32\KERNELBASE.dll
0x00007ffbf85b0000 - 0x00007ffbf863e000 	C:\Windows\system32\apphelp.dll
0x00007ffbeee50000 - 0x00007ffbeeea3000 	C:\Windows\AppPatch\AppPatch64\AcGenral.DLL
0x00007ffbfcc30000 - 0x00007ffbfccda000 	C:\Windows\system32\msvcrt.dll
0x00007ffbfa2b0000 - 0x00007ffbfa2de000 	C:\Windows\SYSTEM32\SspiCli.dll
0x00007ffbfd260000 - 0x00007ffbfd2b4000 	C:\Windows\system32\SHLWAPI.dll
0x00007ffbfcab0000 - 0x00007ffbfcc27000 	C:\Windows\system32\USER32.dll
0x00007ffbfcf00000 - 0x00007ffbfd094000 	C:\Windows\system32\ole32.dll
0x00007ffbfb1f0000 - 0x00007ffbfc71a000 	C:\Windows\system32\SHELL32.dll
0x00007ffbf9620000 - 0x00007ffbf9641000 	C:\Windows\SYSTEM32\USERENV.dll
0x00007ffbfc940000 - 0x00007ffbfc9ea000 	C:\Windows\system32\ADVAPI32.dll
0x00007ffbef180000 - 0x00007ffbef19e000 	C:\Windows\SYSTEM32\MPR.dll
0x00007ffbfd100000 - 0x00007ffbfd241000 	C:\Windows\system32\RPCRT4.dll
0x00007ffbfaa10000 - 0x00007ffbfaa69000 	C:\Windows\SYSTEM32\sechost.dll
0x00007ffbfc720000 - 0x00007ffbfc931000 	C:\Windows\SYSTEM32\combase.dll
0x00007ffbfcce0000 - 0x00007ffbfce30000 	C:\Windows\system32\GDI32.dll
0x00007ffbfa4e0000 - 0x00007ffbfa4f5000 	C:\Windows\SYSTEM32\profapi.dll
0x00007ffbf9910000 - 0x00007ffbf99c2000 	C:\Windows\SYSTEM32\SHCORE.dll
0x00007ffbfb0e0000 - 0x00007ffbfb116000 	C:\Windows\system32\IMM32.DLL
0x00007ffbfac20000 - 0x00007ffbfad72000 	C:\Windows\system32\MSCTF.dll
0x00007ffbf9f00000 - 0x00007ffbfa17b000 	C:\Windows\WinSxS\amd64_microsoft.windows.common-controls_6595b64144ccf1df_6.0.9600.18006_none_623f33d3ecbe86e8\COMCTL32.dll
0x00000000598b0000 - 0x0000000059982000 	C:\Program Files\Java\jdk1.8.0_74\jre\bin\msvcr100.dll
0x0000000059ef0000 - 0x000000005a780000 	C:\Program Files\Java\jdk1.8.0_74\jre\bin\server\jvm.dll
0x00007ffbee690000 - 0x00007ffbee699000 	C:\Windows\SYSTEM32\WSOCK32.dll
0x00007ffbf7180000 - 0x00007ffbf71a2000 	C:\Windows\SYSTEM32\WINMM.dll
0x00007ffbf8c20000 - 0x00007ffbf8c2a000 	C:\Windows\SYSTEM32\VERSION.dll
0x00007ffbfcef0000 - 0x00007ffbfcef7000 	C:\Windows\system32\PSAPI.DLL
0x00007ffbfd0a0000 - 0x00007ffbfd0fa000 	C:\Windows\system32\WS2_32.dll
0x00007ffbf7140000 - 0x00007ffbf716a000 	C:\Windows\SYSTEM32\WINMMBASE.dll
0x00007ffbfd250000 - 0x00007ffbfd259000 	C:\Windows\system32\NSI.dll
0x00007ffbfa5b0000 - 0x00007ffbfa5ff000 	C:\Windows\SYSTEM32\cfgmgr32.dll
0x00007ffbf8810000 - 0x00007ffbf8838000 	C:\Windows\SYSTEM32\DEVOBJ.dll
0x000000005b020000 - 0x000000005b02f000 	C:\Program Files\Java\jdk1.8.0_74\jre\bin\verify.dll
0x0000000059ec0000 - 0x0000000059ee9000 	C:\Program Files\Java\jdk1.8.0_74\jre\bin\java.dll
0x0000000059ea0000 - 0x0000000059eb6000 	C:\Program Files\Java\jdk1.8.0_74\jre\bin\zip.dll

VM Arguments:
jvm_args: -Djava.awt.headless=true -Xmx1024M -Dfile.encoding=windows-1252 -Duser.country=US -Duser.language=en -Duser.variant 
java_command: com.android.dx.command.Main --dex --force-jumbo --num-threads=4 --multi-dex --output C:\AndroidDeveloper\UserInterface\UserLayout\app\build\intermediates\transforms\dex\debug\folders\1000\5\slice_2 C:\AndroidDeveloper\UserInterface\UserLayout\app\build\intermediates\transforms\instantRunSlicer\debug\folders\1\5\slice_2
java_class_path (initial): C:\AndroidSDK\sdk\build-tools\23.0.3\lib\dx.jar
Launcher Type: SUN_STANDARD

Environment Variables:
USERNAME=StabjaX
OS=Windows_NT
PROCESSOR_IDENTIFIER=Intel64 Family 6 Model 61 Stepping 4, GenuineIntel



---------------  S Y S T E M  ---------------

OS: Windows 8.1 , 64 bit Build 9600 (6.3.9600.17415)

CPU:total 4 (2 cores per cpu, 2 threads per core) family 6 model 61 stepping 4, cmov, cx8, fxsr, mmx, sse, sse2, sse3, ssse3, sse4.1, sse4.2, popcnt, avx, avx2, aes, clmul, erms, 3dnowpref, lzcnt, ht, tsc, tscinvbit, bmi1, bmi2, adx

Memory: 4k page, physical 8309008k(330368k free), swap 12503312k(8928k free)

vm_info: Java HotSpot(TM) 64-Bit Server VM (25.74-b02) for windows-amd64 JRE (1.8.0_74-b02), built on Jan 29 2016 17:42:36 by "java_re" with MS VC++ 10.0 (VS2010)

time: Fri May 20 07:53:15 2016
elapsed time: 2 seconds (0d 0h 0m 2s)

