#
# There is insufficient memory for the Java Runtime Environment to continue.
# Native memory allocation (malloc) failed to allocate 1048576 bytes for AllocateHeap
# Possible reasons:
#   The system is out of physical RAM or swap space
#   In 32 bit mode, the process size limit was hit
# Possible solutions:
#   Reduce memory load on the system
#   Increase physical memory or swap space
#   Check if swap backing store is full
#   Use 64 bit Java on a 64 bit OS
#   Decrease Java heap size (-Xmx/-Xms)
#   Decrease number of Java threads
#   Decrease Java thread stack sizes (-Xss)
#   Set larger code cache with -XX:ReservedCodeCacheSize=
# This output file may be truncated or incomplete.
#
#  Out of Memory Error (memory/allocation.inline.hpp:61), pid=13744, tid=16896
#
# JRE version:  (8.0_74-b02) (build )
# Java VM: Java HotSpot(TM) 64-Bit Server VM (25.74-b02 mixed mode windows-amd64 compressed oops)
# Failed to write core dump. Minidumps are not enabled by default on client versions of Windows
#

---------------  T H R E A D  ---------------

Current thread (0x0000000002512800):  JavaThread "Unknown thread" [_thread_in_vm, id=16896, stack(0x0000000002410000,0x0000000002510000)]

Stack: [0x0000000002410000,0x0000000002510000]
[error occurred during error reporting (printing stack bounds), id 0xc0000005]

Native frames: (J=compiled Java code, j=interpreted, Vv=VM code, C=native code)


---------------  P R O C E S S  ---------------

Java Threads: ( => current thread )

Other Threads:

=>0x0000000002512800 (exited) JavaThread "Unknown thread" [_thread_in_vm, id=16896, stack(0x0000000002410000,0x0000000002510000)]

VM state:not at safepoint (normal execution)

VM Mutex/Monitor currently owned by a thread: None

Heap:
 PSYoungGen      total 38400K, used 665K [0x00000000eab00000, 0x00000000ed580000, 0x0000000100000000)
  eden space 33280K, 2% used [0x00000000eab00000,0x00000000eaba6670,0x00000000ecb80000)
  from space 5120K, 0% used [0x00000000ed080000,0x00000000ed080000,0x00000000ed580000)
  to   space 5120K, 0% used [0x00000000ecb80000,0x00000000ecb80000,0x00000000ed080000)
 ParOldGen       total 87552K, used 0K [0x00000000c0000000, 0x00000000c5580000, 0x00000000eab00000)
  object space 87552K, 0% used [0x00000000c0000000,0x00000000c0000000,0x00000000c5580000)
 Metaspace       used 769K, capacity 4480K, committed 4480K, reserved 1056768K
  class space    used 75K, capacity 384K, committed 384K, reserved 1048576K

Card table byte_map: [0x00000000119d0000,0x0000000011be0000] byte_map_base: 0x00000000113d0000

Marking Bits: (ParMarkBitMap*) 0x000000005a700600
 Begin Bits: [0x0000000012140000, 0x0000000013140000)
 End Bits:   [0x0000000013140000, 0x0000000014140000)

Polling page: 0x0000000000cb0000

CodeCache: size=245760Kb used=328Kb max_used=328Kb free=245431Kb
 bounds [0x0000000002610000, 0x0000000002880000, 0x0000000011610000]
 total_blobs=58 nmethods=0 adapters=38
 compilation: enabled

Compilation events (0 events):
No events

GC Heap History (0 events):
No events

Deoptimization events (0 events):
No events

Internal exceptions (0 events):
No events

Events (10 events):
Event: 0.088 loading class java/lang/Short
Event: 0.088 loading class java/lang/Short done
Event: 0.088 loading class java/lang/Integer
Event: 0.088 loading class java/lang/Integer done
Event: 0.088 loading class java/lang/Long
Event: 0.089 loading class java/lang/Long done
Event: 0.089 loading class java/lang/NullPointerException
Event: 0.089 loading class java/lang/NullPointerException done
Event: 0.089 loading class java/lang/ArithmeticException
Event: 0.089 loading class java/lang/ArithmeticException done


Dynamic libraries:
0x00007ff70a450000 - 0x00007ff70a487000 	C:\Program Files\Java\jdk1.8.0_74\bin\java.exe
0x00007ffbfd390000 - 0x00007ffbfd53d000 	C:\Windows\SYSTEM32\ntdll.dll
0x00007ffbfafa0000 - 0x00007ffbfb0de000 	C:\Windows\system32\KERNEL32.DLL
0x00007ffbfa660000 - 0x00007ffbfa775000 	C:\Windows\system32\KERNELBASE.dll
0x00007ffbf85b0000 - 0x00007ffbf863e000 	C:\Windows\system32\apphelp.dll
0x00007ffbeee50000 - 0x00007ffbeeea3000 	C:\Windows\AppPatch\AppPatch64\AcGenral.DLL
0x00007ffbfcc30000 - 0x00007ffbfccda000 	C:\Windows\system32\msvcrt.dll
0x00007ffbfa2b0000 - 0x00007ffbfa2de000 	C:\Windows\SYSTEM32\SspiCli.dll
0x00007ffbfd260000 - 0x00007ffbfd2b4000 	C:\Windows\system32\SHLWAPI.dll
0x00007ffbfcab0000 - 0x00007ffbfcc27000 	C:\Windows\system32\USER32.dll
0x00007ffbfcf00000 - 0x00007ffbfd094000 	C:\Windows\system32\ole32.dll
0x00007ffbfb1f0000 - 0x00007ffbfc71a000 	C:\Windows\system32\SHELL32.dll
0x00007ffbf9620000 - 0x00007ffbf9641000 	C:\Windows\SYSTEM32\USERENV.dll
0x00007ffbfc940000 - 0x00007ffbfc9ea000 	C:\Windows\system32\ADVAPI32.dll
0x00007ffbef180000 - 0x00007ffbef19e000 	C:\Windows\SYSTEM32\MPR.dll
0x00007ffbfd100000 - 0x00007ffbfd241000 	C:\Windows\system32\RPCRT4.dll
0x00007ffbfaa10000 - 0x00007ffbfaa69000 	C:\Windows\SYSTEM32\sechost.dll
0x00007ffbfc720000 - 0x00007ffbfc931000 	C:\Windows\SYSTEM32\combase.dll
0x00007ffbfcce0000 - 0x00007ffbfce30000 	C:\Windows\system32\GDI32.dll
0x00007ffbfa4e0000 - 0x00007ffbfa4f5000 	C:\Windows\SYSTEM32\profapi.dll
0x00007ffbf9910000 - 0x00007ffbf99c2000 	C:\Windows\SYSTEM32\SHCORE.dll
0x00007ffbfb0e0000 - 0x00007ffbfb116000 	C:\Windows\system32\IMM32.DLL
0x00007ffbfac20000 - 0x00007ffbfad72000 	C:\Windows\system32\MSCTF.dll
0x00007ffbf9f00000 - 0x00007ffbfa17b000 	C:\Windows\WinSxS\amd64_microsoft.windows.common-controls_6595b64144ccf1df_6.0.9600.18006_none_623f33d3ecbe86e8\COMCTL32.dll
0x00000000598b0000 - 0x0000000059982000 	C:\Program Files\Java\jdk1.8.0_74\jre\bin\msvcr100.dll
0x0000000059ef0000 - 0x000000005a780000 	C:\Program Files\Java\jdk1.8.0_74\jre\bin\server\jvm.dll
0x00007ffbee690000 - 0x00007ffbee699000 	C:\Windows\SYSTEM32\WSOCK32.dll
0x00007ffbf7180000 - 0x00007ffbf71a2000 	C:\Windows\SYSTEM32\WINMM.dll
0x00007ffbf8c20000 - 0x00007ffbf8c2a000 	C:\Windows\SYSTEM32\VERSION.dll
0x00007ffbfcef0000 - 0x00007ffbfcef7000 	C:\Windows\system32\PSAPI.DLL
0x00007ffbfd0a0000 - 0x00007ffbfd0fa000 	C:\Windows\system32\WS2_32.dll
0x00007ffbf7140000 - 0x00007ffbf716a000 	C:\Windows\SYSTEM32\WINMMBASE.dll
0x00007ffbfd250000 - 0x00007ffbfd259000 	C:\Windows\system32\NSI.dll
0x00007ffbfa5b0000 - 0x00007ffbfa5ff000 	C:\Windows\SYSTEM32\cfgmgr32.dll
0x00007ffbf8810000 - 0x00007ffbf8838000 	C:\Windows\SYSTEM32\DEVOBJ.dll
0x000000005b020000 - 0x000000005b02f000 	C:\Program Files\Java\jdk1.8.0_74\jre\bin\verify.dll
0x0000000059ec0000 - 0x0000000059ee9000 	C:\Program Files\Java\jdk1.8.0_74\jre\bin\java.dll
0x0000000059ea0000 - 0x0000000059eb6000 	C:\Program Files\Java\jdk1.8.0_74\jre\bin\zip.dll

VM Arguments:
jvm_args: -Djava.awt.headless=true -Xmx1024M -Dfile.encoding=windows-1252 -Duser.country=US -Duser.language=en -Duser.variant 
java_command: com.android.dx.command.Main --dex --force-jumbo --num-threads=4 --multi-dex --output C:\AndroidDeveloper\UserInterface\UserLayout\app\build\intermediates\transforms\dex\debug\folders\1000\10\com.android.support-support-v4-23.3.0_43922d17c72263bc39d4005123faf2edf63b291b C:\AndroidDeveloper\UserInterface\UserLayout\app\build\intermediates\exploded-aar\com.android.support\support-v4\23.3.0\jars\classes.jar
java_class_path (initial): C:\AndroidSDK\sdk\build-tools\23.0.3\lib\dx.jar
Launcher Type: SUN_STANDARD

Environment Variables:
USERNAME=StabjaX
OS=Windows_NT
PROCESSOR_IDENTIFIER=Intel64 Family 6 Model 61 Stepping 4, GenuineIntel



---------------  S Y S T E M  ---------------

OS: Windows 8.1 , 64 bit Build 9600 (6.3.9600.17415)

CPU:total 4 (2 cores per cpu, 2 threads per core) family 6 model 61 stepping 4, cmov, cx8, fxsr, mmx, sse, sse2, sse3, ssse3, sse4.1, sse4.2, popcnt, avx, avx2, aes, clmul, erms, 3dnowpref, lzcnt, ht, tsc, tscinvbit, bmi1, bmi2, adx

Memory: 4k page, physical 8309008k(370592k free), swap 12503312k(7180k free)

vm_info: Java HotSpot(TM) 64-Bit Server VM (25.74-b02) for windows-amd64 JRE (1.8.0_74-b02), built on Jan 29 2016 17:42:36 by "java_re" with MS VC++ 10.0 (VS2010)

time: Fri May 20 07:55:22 2016
elapsed time: 0 seconds (0d 0h 0m 0s)

